<?xml version="1.0" encoding="UTF-8"?>
<!-- Generated by org.testng.reporters.JUnitXMLReporter -->
<testsuite ignored="0" hostname="LTIN511301" failures="0" tests="10" name="ChromeTest" time="105.474" errors="0" timestamp="2024-05-16T15:11:28 IST">
  <testcase classname="testClass.TestCases" name="goToUpcomingBikes" time="36.787"/>
  <testcase classname="testClass.TestCases" name="selectHonda" time="5.165"/>
  <testcase classname="testClass.TestCases" name="showBikes" time="4.21"/>
  <testcase classname="testClass.TestCases" name="fetchBikeDetails" time="7.376"/>
  <testcase classname="testClass.TestCases" name="moveToUsedCars" time="14.798"/>
  <testcase classname="testClass.TestCases" name="findTopCars" time="3.209"/>
  <testcase classname="testClass.TestCases" name="fetchTopCars" time="0.232"/>
  <testcase classname="testClass.TestCases" name="backToHomePage" time="4.157"/>
  <testcase classname="testClass.TestCases" name="logIn" time="6.543"/>
  <testcase classname="testClass.TestCases" name="invalidLogIn" time="11.751"/>
</testsuite> <!-- ChromeTest -->
