<?xml version="1.0" encoding="UTF-8"?>
<!-- Generated by org.testng.reporters.JUnitXMLReporter -->
<testsuite ignored="0" hostname="LTIN511301" failures="0" tests="10" name="EdgeTest" time="143.535" errors="0" timestamp="2024-05-16T15:13:52 IST">
  <testcase classname="testClass.TestCases" name="goToUpcomingBikes" time="31.745"/>
  <testcase classname="testClass.TestCases" name="selectHonda" time="9.09"/>
  <testcase classname="testClass.TestCases" name="showBikes" time="4.2"/>
  <testcase classname="testClass.TestCases" name="fetchBikeDetails" time="7.494"/>
  <testcase classname="testClass.TestCases" name="moveToUsedCars" time="52.884"/>
  <testcase classname="testClass.TestCases" name="findTopCars" time="3.232"/>
  <testcase classname="testClass.TestCases" name="fetchTopCars" time="0.274"/>
  <testcase classname="testClass.TestCases" name="backToHomePage" time="3.424"/>
  <testcase classname="testClass.TestCases" name="logIn" time="5.445"/>
  <testcase classname="testClass.TestCases" name="invalidLogIn" time="11.625"/>
</testsuite> <!-- EdgeTest -->
